2018-09-21 15:58:51 [127.0.0.1][-][-][error][yii\base\ErrorException:2] yii\base\ErrorException: session_set_cookie_params(): Cannot change session cookie parameters when headers already sent in D:\work\yii2-h+\vendor\yiisoft\yii2\web\Session.php:388
Stack trace:
#0 [internal function]: yii\base\ErrorHandler->handleError(2, 'session_set_coo...', 'D:\\work\\yii2-h+...', 388, Array)
#1 D:\work\yii2-h+\vendor\yiisoft\yii2\web\Session.php(388): session_set_cookie_params(0, '/', '', false, true)
#2 D:\work\yii2-h+\vendor\yiisoft\yii2\web\Session.php(135): yii\web\Session->setCookieParamsInternal()
#3 D:\work\yii2-h+\vendor\yiisoft\yii2\web\Session.php(624): yii\web\Session->open()
#4 D:\work\yii2-h+\vendor\helpers\CaptchaCode.php(108): yii\web\Session->set('Login', 'vaqf')
#5 D:\work\yii2-h+\vendor\helpers\CaptchaCode.php(124): vendor\helpers\CaptchaCode->setCode('Login')
#6 D:\work\yii2-h+\controllers\member\LoginController.php(32): vendor\helpers\CaptchaCode->doimg('Login')
#7 [internal function]: app\controllers\member\LoginController->actionCode()
#8 D:\work\yii2-h+\vendor\yiisoft\yii2\base\InlineAction.php(57): call_user_func_array(Array, Array)
#9 D:\work\yii2-h+\vendor\yiisoft\yii2\base\Controller.php(157): yii\base\InlineAction->runWithParams(Array)
#10 D:\work\yii2-h+\vendor\yiisoft\yii2\base\Module.php(528): yii\base\Controller->runAction('code', Array)
#11 D:\work\yii2-h+\vendor\yiisoft\yii2\web\Application.php(103): yii\base\Module->runAction('member/login/co...', Array)
#12 D:\work\yii2-h+\vendor\yiisoft\yii2\base\Application.php(386): yii\web\Application->handleRequest(Object(yii\web\Request))
#13 D:\work\yii2-h+\web\index.php(11): yii\base\Application->run()
#14 {main}
2018-09-21 15:58:51 [127.0.0.1][-][-][info][application] $_GET = []

$_POST = []

$_FILES = []

$_COOKIE = [
    '___rl__test__cookies' => '1537515821246'
    'OUTFOX_SEARCH_USER_ID_NCOO' => '1106107993.47589'
]

$_SERVER = [
    'PATH' => 'C:\\WINDOWS\\system32;C:\\WINDOWS;C:\\WINDOWS\\System32\\Wbem;C:\\WINDOWS\\System32\\WindowsPowerShell\\v1.0\\;D:\\APP\\Git\\cmd;C:\\WINDOWS\\System32\\OpenSSH\\;D:\\APP\\composer;D:\\APP\\WinSCP\\;C:\\Users\\40466\\Desktop\\php-7.0.30-ts\\;C:\\Users\\40466\\AppData\\Local\\Microsoft\\WindowsApps;C:\\Users\\40466\\AppData\\Roaming\\Composer\\vendor\\bin'
    'SYSTEMROOT' => 'C:\\WINDOWS'
    'COMSPEC' => 'C:\\WINDOWS\\system32\\cmd.exe'
    'PATHEXT' => '.COM;.EXE;.BAT;.CMD;.VBS;.VBE;.JS;.JSE;.WSF;.WSH;.MSC'
    'WINDIR' => 'C:\\WINDOWS'
    'PHP_FCGI_MAX_REQUESTS' => '1000'
    'PHPRC' => 'D:/APP/phpStudy/PHPTutorial/php/php-7.2.1-nts/'
    '_FCGI_SHUTDOWN_EVENT_' => '2148'
    'SCRIPT_NAME' => '/index.php'
    'REQUEST_URI' => '/member/login/code'
    'QUERY_STRING' => ''
    'REQUEST_METHOD' => 'GET'
    'SERVER_PROTOCOL' => 'HTTP/1.1'
    'GATEWAY_INTERFACE' => 'CGI/1.1'
    'REDIRECT_URL' => '/member/login/code'
    'REMOTE_PORT' => '61907'
    'SCRIPT_FILENAME' => 'D:/work/yii2-h+/web/index.php'
    'SERVER_ADMIN' => 'admin@php.cn'
    'CONTEXT_DOCUMENT_ROOT' => 'D:/work/yii2-h+/web'
    'CONTEXT_PREFIX' => ''
    'REQUEST_SCHEME' => 'http'
    'DOCUMENT_ROOT' => 'D:/work/yii2-h+/web'
    'REMOTE_ADDR' => '127.0.0.1'
    'SERVER_PORT' => '80'
    'SERVER_ADDR' => '127.0.0.1'
    'SERVER_NAME' => 'www.new.com'
    'SERVER_SOFTWARE' => 'Apache/2.4.23 (Win32) OpenSSL/1.0.2j mod_fcgid/2.3.9'
    'SERVER_SIGNATURE' => ''
    'SystemRoot' => 'C:\\WINDOWS'
    'HTTP_COOKIE' => '___rl__test__cookies=1537515821246; ___rl__test__cookies=1537501983524; OUTFOX_SEARCH_USER_ID_NCOO=1106107993.47589'
    'HTTP_ACCEPT_LANGUAGE' => 'zh-CN,zh;q=0.8'
    'HTTP_ACCEPT_ENCODING' => 'gzip, deflate'
    'HTTP_REFERER' => 'http://www.new.com/member/login/login'
    'HTTP_ACCEPT' => 'image/webp,image/*,*/*;q=0.8'
    'HTTP_USER_AGENT' => 'Mozilla/5.0 (Windows NT 10.0; WOW64) AppleWebKit/537.36 (KHTML, like Gecko) Chrome/55.0.2883.87 UBrowser/6.2.4094.1 Safari/537.36'
    'HTTP_CONNECTION' => 'close'
    'HTTP_HOST' => 'www.new.com'
    'REDIRECT_STATUS' => '200'
    'FCGI_ROLE' => 'RESPONDER'
    'PHP_SELF' => '/index.php'
    'REQUEST_TIME_FLOAT' => 1537516731.5097
    'REQUEST_TIME' => 1537516731
]
2018-09-21 15:58:54 [127.0.0.1][-][-][error][yii\base\ErrorException:2] yii\base\ErrorException: session_set_cookie_params(): Cannot change session cookie parameters when headers already sent in D:\work\yii2-h+\vendor\yiisoft\yii2\web\Session.php:388
Stack trace:
#0 [internal function]: yii\base\ErrorHandler->handleError(2, 'session_set_coo...', 'D:\\work\\yii2-h+...', 388, Array)
#1 D:\work\yii2-h+\vendor\yiisoft\yii2\web\Session.php(388): session_set_cookie_params(0, '/', '', false, true)
#2 D:\work\yii2-h+\vendor\yiisoft\yii2\web\Session.php(135): yii\web\Session->setCookieParamsInternal()
#3 D:\work\yii2-h+\vendor\yiisoft\yii2\web\Session.php(624): yii\web\Session->open()
#4 D:\work\yii2-h+\vendor\helpers\CaptchaCode.php(108): yii\web\Session->set('Login', '7pz0')
#5 D:\work\yii2-h+\vendor\helpers\CaptchaCode.php(124): vendor\helpers\CaptchaCode->setCode('Login')
#6 D:\work\yii2-h+\controllers\member\LoginController.php(32): vendor\helpers\CaptchaCode->doimg('Login')
#7 [internal function]: app\controllers\member\LoginController->actionCode()
#8 D:\work\yii2-h+\vendor\yiisoft\yii2\base\InlineAction.php(57): call_user_func_array(Array, Array)
#9 D:\work\yii2-h+\vendor\yiisoft\yii2\base\Controller.php(157): yii\base\InlineAction->runWithParams(Array)
#10 D:\work\yii2-h+\vendor\yiisoft\yii2\base\Module.php(528): yii\base\Controller->runAction('code', Array)
#11 D:\work\yii2-h+\vendor\yiisoft\yii2\web\Application.php(103): yii\base\Module->runAction('member/login/co...', Array)
#12 D:\work\yii2-h+\vendor\yiisoft\yii2\base\Application.php(386): yii\web\Application->handleRequest(Object(yii\web\Request))
#13 D:\work\yii2-h+\web\index.php(11): yii\base\Application->run()
#14 {main}
2018-09-21 15:58:54 [127.0.0.1][-][-][info][application] $_GET = [
    '0_3189522365114281' => ''
]

$_POST = []

$_FILES = []

$_COOKIE = [
    '___rl__test__cookies' => '1537515821246'
    'OUTFOX_SEARCH_USER_ID_NCOO' => '1106107993.47589'
]

$_SERVER = [
    'PATH' => 'C:\\WINDOWS\\system32;C:\\WINDOWS;C:\\WINDOWS\\System32\\Wbem;C:\\WINDOWS\\System32\\WindowsPowerShell\\v1.0\\;D:\\APP\\Git\\cmd;C:\\WINDOWS\\System32\\OpenSSH\\;D:\\APP\\composer;D:\\APP\\WinSCP\\;C:\\Users\\40466\\Desktop\\php-7.0.30-ts\\;C:\\Users\\40466\\AppData\\Local\\Microsoft\\WindowsApps;C:\\Users\\40466\\AppData\\Roaming\\Composer\\vendor\\bin'
    'SYSTEMROOT' => 'C:\\WINDOWS'
    'COMSPEC' => 'C:\\WINDOWS\\system32\\cmd.exe'
    'PATHEXT' => '.COM;.EXE;.BAT;.CMD;.VBS;.VBE;.JS;.JSE;.WSF;.WSH;.MSC'
    'WINDIR' => 'C:\\WINDOWS'
    'PHP_FCGI_MAX_REQUESTS' => '1000'
    'PHPRC' => 'D:/APP/phpStudy/PHPTutorial/php/php-7.2.1-nts/'
    '_FCGI_SHUTDOWN_EVENT_' => '2148'
    'SCRIPT_NAME' => '/index.php'
    'REQUEST_URI' => '/member/login/code?0.3189522365114281'
    'QUERY_STRING' => '0.3189522365114281'
    'REQUEST_METHOD' => 'GET'
    'SERVER_PROTOCOL' => 'HTTP/1.1'
    'GATEWAY_INTERFACE' => 'CGI/1.1'
    'REDIRECT_QUERY_STRING' => '0.3189522365114281'
    'REDIRECT_URL' => '/member/login/code'
    'REMOTE_PORT' => '61907'
    'SCRIPT_FILENAME' => 'D:/work/yii2-h+/web/index.php'
    'SERVER_ADMIN' => 'admin@php.cn'
    'CONTEXT_DOCUMENT_ROOT' => 'D:/work/yii2-h+/web'
    'CONTEXT_PREFIX' => ''
    'REQUEST_SCHEME' => 'http'
    'DOCUMENT_ROOT' => 'D:/work/yii2-h+/web'
    'REMOTE_ADDR' => '127.0.0.1'
    'SERVER_PORT' => '80'
    'SERVER_ADDR' => '127.0.0.1'
    'SERVER_NAME' => 'www.new.com'
    'SERVER_SOFTWARE' => 'Apache/2.4.23 (Win32) OpenSSL/1.0.2j mod_fcgid/2.3.9'
    'SERVER_SIGNATURE' => ''
    'SystemRoot' => 'C:\\WINDOWS'
    'HTTP_COOKIE' => '___rl__test__cookies=1537515821246; ___rl__test__cookies=1537501983524; OUTFOX_SEARCH_USER_ID_NCOO=1106107993.47589'
    'HTTP_ACCEPT_LANGUAGE' => 'zh-CN,zh;q=0.8'
    'HTTP_ACCEPT_ENCODING' => 'gzip, deflate'
    'HTTP_REFERER' => 'http://www.new.com/member/login/login'
    'HTTP_ACCEPT' => 'image/webp,image/*,*/*;q=0.8'
    'HTTP_USER_AGENT' => 'Mozilla/5.0 (Windows NT 10.0; WOW64) AppleWebKit/537.36 (KHTML, like Gecko) Chrome/55.0.2883.87 UBrowser/6.2.4094.1 Safari/537.36'
    'HTTP_CONNECTION' => 'close'
    'HTTP_HOST' => 'www.new.com'
    'REDIRECT_STATUS' => '200'
    'FCGI_ROLE' => 'RESPONDER'
    'PHP_SELF' => '/index.php'
    'REQUEST_TIME_FLOAT' => 1537516734.2977
    'REQUEST_TIME' => 1537516734
]
2018-09-21 15:58:56 [127.0.0.1][-][-][error][yii\web\HttpException:400] yii\web\BadRequestHttpException: 您提交的数据无法被验证。 in D:\work\yii2-h+\vendor\yiisoft\yii2\web\Controller.php:166
Stack trace:
#0 D:\work\yii2-h+\vendor\yiisoft\yii2\base\Controller.php(155): yii\web\Controller->beforeAction(Object(yii\base\InlineAction))
#1 D:\work\yii2-h+\vendor\yiisoft\yii2\base\Module.php(528): yii\base\Controller->runAction('login', Array)
#2 D:\work\yii2-h+\vendor\yiisoft\yii2\web\Application.php(103): yii\base\Module->runAction('member/login/lo...', Array)
#3 D:\work\yii2-h+\vendor\yiisoft\yii2\base\Application.php(386): yii\web\Application->handleRequest(Object(yii\web\Request))
#4 D:\work\yii2-h+\web\index.php(11): yii\base\Application->run()
#5 {main}
2018-09-21 15:58:56 [127.0.0.1][-][-][info][application] $_GET = []

$_POST = []

$_FILES = []

$_COOKIE = [
    '___rl__test__cookies' => '1537515821246'
    'OUTFOX_SEARCH_USER_ID_NCOO' => '1106107993.47589'
]

$_SERVER = [
    'PATH' => 'C:\\WINDOWS\\system32;C:\\WINDOWS;C:\\WINDOWS\\System32\\Wbem;C:\\WINDOWS\\System32\\WindowsPowerShell\\v1.0\\;D:\\APP\\Git\\cmd;C:\\WINDOWS\\System32\\OpenSSH\\;D:\\APP\\composer;D:\\APP\\WinSCP\\;C:\\Users\\40466\\Desktop\\php-7.0.30-ts\\;C:\\Users\\40466\\AppData\\Local\\Microsoft\\WindowsApps;C:\\Users\\40466\\AppData\\Roaming\\Composer\\vendor\\bin'
    'SYSTEMROOT' => 'C:\\WINDOWS'
    'COMSPEC' => 'C:\\WINDOWS\\system32\\cmd.exe'
    'PATHEXT' => '.COM;.EXE;.BAT;.CMD;.VBS;.VBE;.JS;.JSE;.WSF;.WSH;.MSC'
    'WINDIR' => 'C:\\WINDOWS'
    'PHP_FCGI_MAX_REQUESTS' => '1000'
    'PHPRC' => 'D:/APP/phpStudy/PHPTutorial/php/php-7.2.1-nts/'
    '_FCGI_SHUTDOWN_EVENT_' => '2148'
    'SCRIPT_NAME' => '/index.php'
    'REQUEST_URI' => '/member/login/login'
    'QUERY_STRING' => ''
    'REQUEST_METHOD' => 'POST'
    'SERVER_PROTOCOL' => 'HTTP/1.1'
    'GATEWAY_INTERFACE' => 'CGI/1.1'
    'REDIRECT_URL' => '/member/login/login'
    'REMOTE_PORT' => '61907'
    'SCRIPT_FILENAME' => 'D:/work/yii2-h+/web/index.php'
    'SERVER_ADMIN' => 'admin@php.cn'
    'CONTEXT_DOCUMENT_ROOT' => 'D:/work/yii2-h+/web'
    'CONTEXT_PREFIX' => ''
    'REQUEST_SCHEME' => 'http'
    'DOCUMENT_ROOT' => 'D:/work/yii2-h+/web'
    'REMOTE_ADDR' => '127.0.0.1'
    'SERVER_PORT' => '80'
    'SERVER_ADDR' => '127.0.0.1'
    'SERVER_NAME' => 'www.new.com'
    'SERVER_SOFTWARE' => 'Apache/2.4.23 (Win32) OpenSSL/1.0.2j mod_fcgid/2.3.9'
    'SERVER_SIGNATURE' => ''
    'SystemRoot' => 'C:\\WINDOWS'
    'HTTP_COOKIE' => '___rl__test__cookies=1537515821246; ___rl__test__cookies=1537501983524; OUTFOX_SEARCH_USER_ID_NCOO=1106107993.47589'
    'HTTP_ACCEPT_LANGUAGE' => 'zh-CN,zh;q=0.8'
    'HTTP_ACCEPT_ENCODING' => 'gzip, deflate'
    'HTTP_REFERER' => 'http://www.new.com/member/login/login'
    'HTTP_ACCEPT' => 'text/html,application/xhtml+xml,application/xml;q=0.9,image/webp,*/*;q=0.8'
    'CONTENT_TYPE' => 'application/x-www-form-urlencoded'
    'HTTP_USER_AGENT' => 'Mozilla/5.0 (Windows NT 10.0; WOW64) AppleWebKit/537.36 (KHTML, like Gecko) Chrome/55.0.2883.87 UBrowser/6.2.4094.1 Safari/537.36'
    'HTTP_UPGRADE_INSECURE_REQUESTS' => '1'
    'HTTP_ORIGIN' => 'http://www.new.com'
    'HTTP_CACHE_CONTROL' => 'max-age=0'
    'CONTENT_LENGTH' => '0'
    'HTTP_CONNECTION' => 'close'
    'HTTP_HOST' => 'www.new.com'
    'REDIRECT_STATUS' => '200'
    'FCGI_ROLE' => 'RESPONDER'
    'PHP_SELF' => '/index.php'
    'REQUEST_TIME_FLOAT' => 1537516736.1738
    'REQUEST_TIME' => 1537516736
]
